<?xml version="1.0" encoding="UTF-8" ?>
<testsuite tests="4" failures="0" name="com.lagou.dao.TestCourseDao" time="0.06" errors="0" skipped="0">
  <properties>
[...]
</properties>
  <testcase classname="com.lagou.dao.TestCourseDao" name="testupdateCourseSalesInfo" time="0.003"/>
  <testcase classname="com.lagou.dao.TestCourseDao" name="testsaveCourseSalesInfo" time="0.013"/>
  <testcase classname="com.lagou.dao.TestCourseDao" name="testfindByCourseNameAndStatus" time="0.005"/>
  <testcase classname="com.lagou.dao.TestCourseDao" name="testfindCourseList" time="0.039"/>
</testsuite>